<?xml version="1.0" encoding="UTF-8"?>
<!-- Generated by org.testng.reporters.JUnitReportReporter -->
<testsuite hostname="Gordons-MacBook-Pro.local" name="org.eclipse.microprofile.config.tck.broken.MissingValueOnInstanceInjectionTest" tests="1" failures="0" timestamp="24 Nov 2017 15:56:55 GMT" time="0.020" errors="0">
  <testcase name="test" time="0.020" classname="org.eclipse.microprofile.config.tck.broken.MissingValueOnInstanceInjectionTest"/>
</testsuite> <!-- org.eclipse.microprofile.config.tck.broken.MissingValueOnInstanceInjectionTest -->
